[13:48:03] [main/INFO] [GradleStart]: Extra: []
[13:48:03] [main/INFO] [GradleStart]: Running with arguments: [--userProperties, {}, --assetsDir, C:/Users/Administrator/.gradle/caches/minecraft/assets, --assetIndex, 1.12, --accessToken{REDACTED}, --version, 1.12.2, --tweakClass, net.minecraftforge.fml.common.launcher.FMLTweaker, --tweakClass, net.minecraftforge.gradle.tweakers.CoremodTweaker]
[13:48:03] [main/INFO] [LaunchWrapper]: Loading tweak class name net.minecraftforge.fml.common.launcher.FMLTweaker
[13:48:03] [main/INFO] [LaunchWrapper]: Using primary tweak class name net.minecraftforge.fml.common.launcher.FMLTweaker
[13:48:03] [main/INFO] [LaunchWrapper]: Loading tweak class name net.minecraftforge.gradle.tweakers.CoremodTweaker
[13:48:03] [main/INFO] [LaunchWrapper]: Calling tweak class net.minecraftforge.fml.common.launcher.FMLTweaker
[13:48:03] [main/INFO] [FML]: Forge Mod Loader version 14.23.5.2847 for Minecraft 1.12.2 loading
[13:48:03] [main/INFO] [FML]: Java is Java HotSpot(TM) 64-Bit Server VM, version 1.8.0_251, running on Windows 7:amd64:6.1, installed at C:\Program Files\Java\jdk1.8.0_251\jre
[13:48:03] [main/ERROR] [FML]: Apache Maven library folder was not in the format expected. Using default libraries directory.
[13:48:03] [main/ERROR] [FML]: Full: C:\Users\Administrator\.gradle\caches\modules-2\files-2.1\org.apache.maven\maven-artifact\3.5.3\7dc72b6d6d8a6dced3d294ed54c2cc3515ade9f4\maven-artifact-3.5.3.jar
[13:48:03] [main/ERROR] [FML]: Trimmed: c:/users/administrator/.gradle/caches/modules-2/files-2.1/org.apache.maven/maven-artifact/3.5.3/
[13:48:03] [main/INFO] [FML]: Managed to load a deobfuscated Minecraft name- we are in a deobfuscated environment. Skipping runtime deobfuscation
[13:48:03] [main/INFO] [FML]: Detected deobfuscated environment, loading log configs for colored console logs.
[13:48:04] [main/INFO] [FML]: Ignoring missing certificate for coremod FMLCorePlugin (net.minecraftforge.fml.relauncher.FMLCorePlugin), we are in deobf and it's a forge core plugin
[13:48:04] [main/INFO] [FML]: Ignoring missing certificate for coremod FMLForgePlugin (net.minecraftforge.classloading.FMLForgePlugin), we are in deobf and it's a forge core plugin
[13:48:04] [main/INFO] [FML]: Searching D:\Users\Administrator\Documents\GitHub\DreamBorderX-Earraylate-RPG-MOD\Earraylate\eclipse\.\mods for mods
[13:48:04] [main/INFO] [LaunchWrapper]: Calling tweak class net.minecraftforge.gradle.tweakers.CoremodTweaker
[13:48:04] [main/INFO] [GradleStart]: Injecting location in coremod net.minecraftforge.fml.relauncher.FMLCorePlugin
[13:48:04] [main/INFO] [GradleStart]: Injecting location in coremod net.minecraftforge.classloading.FMLForgePlugin
[13:48:04] [main/INFO] [LaunchWrapper]: Loading tweak class name net.minecraftforge.fml.common.launcher.FMLInjectionAndSortingTweaker
[13:48:04] [main/INFO] [LaunchWrapper]: Loading tweak class name net.minecraftforge.fml.common.launcher.FMLDeobfTweaker
[13:48:04] [main/INFO] [LaunchWrapper]: Loading tweak class name net.minecraftforge.gradle.tweakers.AccessTransformerTweaker
[13:48:04] [main/INFO] [LaunchWrapper]: Calling tweak class net.minecraftforge.fml.common.launcher.FMLInjectionAndSortingTweaker
[13:48:04] [main/INFO] [LaunchWrapper]: Calling tweak class net.minecraftforge.fml.common.launcher.FMLInjectionAndSortingTweaker
[13:48:04] [main/INFO] [LaunchWrapper]: Calling tweak class net.minecraftforge.fml.relauncher.CoreModManager$FMLPluginWrapper
[13:48:08] [main/FATAL] [FML]: There is a binary discrepancy between the expected input class net.minecraft.client.ClientBrandRetriever (net.minecraft.client.ClientBrandRetriever) and the actual class. Checksum on disk is d49bad4, in patch 5f5855f0. Things are probably about to go very wrong. Did you put something into the jar file?
[13:48:08] [main/FATAL] [FML]: The game is going to exit, because this is a critical error, and it is very improbable that the modded game will work, please obtain clean jar files.
